Added Member To Class: ClassName=Sheet4 Member=Component C? 104
Added Member To Class: ClassName=Sheet4 Member=Component C? 15pF
Added Member To Class: ClassName=Sheet4 Member=Component C? 104
Added Member To Class: ClassName=Sheet4 Member=Component C? 15pF
Added Member To Class: ClassName=Sheet4 Member=Component C? 4.7uF
Added Member To Class: ClassName=Sheet4 Member=Component C? 104
Added Member To Class: ClassName=Sheet4 Member=Component C? 104
Added Member To Class: ClassName=Sheet4 Member=Component L? LED 5mm
Added Member To Class: ClassName=Sheet4 Member=Component L? LED 5mm
Added Member To Class: ClassName=Sheet4 Member=Component L? LED 5mm
Added Member To Class: ClassName=Sheet4 Member=Component P? Header 3X2
Added Member To Class: ClassName=Sheet4 Member=Component P? Header 15H
Added Member To Class: ClassName=Sheet4 Member=Component R? 1k
Added Member To Class: ClassName=Sheet4 Member=Component R? 1k
Added Member To Class: ClassName=Sheet4 Member=Component R? 680R
Added Member To Class: ClassName=Sheet4 Member=Component R? 680R
Added Member To Class: ClassName=Sheet4 Member=Component R? 1k
Added Member To Class: ClassName=Sheet4 Member=Component R? 680R
Added Member To Class: ClassName=Sheet4 Member=Component U INTERFACE-FT232RL(SSOP28)
Added Member To Class: ClassName=Sheet4 Member=Component U ATMEGA168-20AU
