Added Component: Designator=BT?(Nut Nhan 2 Chan SMD 3x6x2.5)
Add component (AddParameter): Name = "Ma_Hang"; Value = "MH001036"; VariantName = "[No Variations]"
Add component (AddParameter): Name = "Ten"; Value = "Nút Nh?n 2 Chân 3x6x2.5MM SMD"; VariantName = "[No Variations]"
Added Component: Designator=C?(tu hoa 5mm)
Add component (AddParameter): Name = "Chung_Loai"; Value = "C?m"; VariantName = "[No Variations]"
Add component (AddParameter): Name = "Don_Vi"; Value = "Con"; VariantName = "[No Variations]"
Add component (AddParameter): Name = "Kieu_Chan"; Value = ""; VariantName = "[No Variations]"
Add component (AddParameter): Name = "Ma_Hang"; Value = "MH001357"; VariantName = "[No Variations]"
Add component (AddParameter): Name = "So_Chan"; Value = "2"; VariantName = "[No Variations]"
Add component (AddParameter): Name = "Ten_Linh_Kien"; Value = "T? Hóa 4.7uF 50V 5x11MM"; VariantName = "[No Variations]"
Added Component: Designator=C?(tu 0805)
Add component (AddParameter): Name = "Chung_Loai"; Value = "Dán"; VariantName = "[No Variations]"
Add component (AddParameter): Name = "Don_Vi"; Value = "Con"; VariantName = "[No Variations]"
Add component (AddParameter): Name = "Kieu_Chan"; Value = ""; VariantName = "[No Variations]"
Add component (AddParameter): Name = "Ma_Hang"; Value = "MH004556"; VariantName = "[No Variations]"
Add component (AddParameter): Name = "So_Chan"; Value = "2"; VariantName = "[No Variations]"
Add component (AddParameter): Name = "Ten_Linh_Kien"; Value = "T? 0805 15P 10% 50V"; VariantName = "[No Variations]"
Added Component: Designator=C?(tu 0805)
Add component (AddParameter): Name = "Chung_Loai"; Value = "Dán"; VariantName = "[No Variations]"
Add component (AddParameter): Name = "Don_Vi"; Value = "Con"; VariantName = "[No Variations]"
Add component (AddParameter): Name = "Kieu_Chan"; Value = ""; VariantName = "[No Variations]"
Add component (AddParameter): Name = "Ma_Hang"; Value = "MH004551"; VariantName = "[No Variations]"
Add component (AddParameter): Name = "So_Chan"; Value = "2"; VariantName = "[No Variations]"
Add component (AddParameter): Name = "Ten_Linh_Kien"; Value = "T? 0805 104-100nF 10% 50V"; VariantName = "[No Variations]"
Added Component: Designator=C?(tu hoa 5mm)
Add component (AddParameter): Name = "Chung_Loai"; Value = "C?m"; VariantName = "[No Variations]"
Add component (AddParameter): Name = "Don_Vi"; Value = "Con"; VariantName = "[No Variations]"
Add component (AddParameter): Name = "Kieu_Chan"; Value = ""; VariantName = "[No Variations]"
Add component (AddParameter): Name = "Ma_Hang"; Value = "MH001357"; VariantName = "[No Variations]"
Add component (AddParameter): Name = "So_Chan"; Value = "2"; VariantName = "[No Variations]"
Add component (AddParameter): Name = "Ten_Linh_Kien"; Value = "T? Hóa 4.7uF 50V 5x11MM"; VariantName = "[No Variations]"
Added Component: Designator=C?(tu 0805)
Add component (AddParameter): Name = "Chung_Loai"; Value = "Dán"; VariantName = "[No Variations]"
Add component (AddParameter): Name = "Don_Vi"; Value = "Con"; VariantName = "[No Variations]"
Add component (AddParameter): Name = "Kieu_Chan"; Value = ""; VariantName = "[No Variations]"
Add component (AddParameter): Name = "Ma_Hang"; Value = "MH004551"; VariantName = "[No Variations]"
Add component (AddParameter): Name = "So_Chan"; Value = "2"; VariantName = "[No Variations]"
Add component (AddParameter): Name = "Ten_Linh_Kien"; Value = "T? 0805 104-100nF 10% 50V"; VariantName = "[No Variations]"
Added Component: Designator=C?(tu 0805)
Add component (AddParameter): Name = "Chung_Loai"; Value = "Dán"; VariantName = "[No Variations]"
Add component (AddParameter): Name = "Don_Vi"; Value = "Con"; VariantName = "[No Variations]"
Add component (AddParameter): Name = "Kieu_Chan"; Value = ""; VariantName = "[No Variations]"
Add component (AddParameter): Name = "Ma_Hang"; Value = "MH004556"; VariantName = "[No Variations]"
Add component (AddParameter): Name = "So_Chan"; Value = "2"; VariantName = "[No Variations]"
Add component (AddParameter): Name = "Ten_Linh_Kien"; Value = "T? 0805 15P 10% 50V"; VariantName = "[No Variations]"
Added Component: Designator=D(SOD-123)
Add component (AddParameter): Name = "Availability"; Value = "Unavailable"; VariantName = "[No Variations]"
Add component (AddParameter): Name = "MF"; Value = "ON Semiconductor"; VariantName = "[No Variations]"
Add component (AddParameter): Name = "MP"; Value = "MBR0520"; VariantName = "[No Variations]"
Add component (AddParameter): Name = "Package"; Value = "SOD-123 International Rectifier"; VariantName = "[No Variations]"
Add component (AddParameter): Name = "Price"; Value = "None"; VariantName = "[No Variations]"
Add component (AddParameter): Name = "SnapEDA_Link"; Value = "https://www.snapeda.com/parts/MBR0520/ON%20Semiconductor/view-part/564242/?ref=snap"; VariantName = "[No Variations]"
Add component (AddParameter): Name = "Value"; Value = ""; VariantName = "[No Variations]"
Added Component: Designator=L?(LED-3MM-GREEN)
Add component (AddParameter): Name = "Chung_Loai"; Value = "C?m"; VariantName = "[No Variations]"
Add component (AddParameter): Name = "Don_Vi"; Value = "Con"; VariantName = "[No Variations]"
Add component (AddParameter): Name = "Ghi_Chu"; Value = ""; VariantName = "[No Variations]"
Add component (AddParameter): Name = "Kieu_Chan"; Value = ""; VariantName = "[No Variations]"
Add component (AddParameter): Name = "Ma_Hang"; Value = "MH001054"; VariantName = "[No Variations]"
Add component (AddParameter): Name = "Ten_Linh_Kien"; Value = "Led 3MM Ph? Xanh (10c)"; VariantName = "[No Variations]"
Added Component: Designator=L?(LED-5MM-RED)
Add component (AddParameter): Name = "Chung_Loai"; Value = "C?m"; VariantName = "[No Variations]"
Add component (AddParameter): Name = "Don_Vi"; Value = "Con"; VariantName = "[No Variations]"
Add component (AddParameter): Name = "Ghi_Chu"; Value = ""; VariantName = "[No Variations]"
Add component (AddParameter): Name = "Kieu_Chan"; Value = ""; VariantName = "[No Variations]"
Add component (AddParameter): Name = "Ma_Hang"; Value = "MH008967"; VariantName = "[No Variations]"
Add component (AddParameter): Name = "Ten_Linh_Kien"; Value = "Led 5MM Ph? Ð? (1000c)"; VariantName = "[No Variations]"
Added Component: Designator=P?(HDR1X15H)
Add component (AddParameter): Name = "LatestRevisionDate"; Value = "17-Jul-2002"; VariantName = "[No Variations]"
Add component (AddParameter): Name = "LatestRevisionNote"; Value = "Re-released for DXP Platform."; VariantName = "[No Variations]"
Add component (AddParameter): Name = "Publisher"; Value = "Altium Limited"; VariantName = "[No Variations]"
Added Component: Designator=P?(HDR2X3)
Add component (AddParameter): Name = "LatestRevisionDate"; Value = "17-Jul-2002"; VariantName = "[No Variations]"
Add component (AddParameter): Name = "LatestRevisionNote"; Value = "Re-released for DXP Platform."; VariantName = "[No Variations]"
Add component (AddParameter): Name = "Publisher"; Value = "Altium Limited"; VariantName = "[No Variations]"
Added Component: Designator=P?(HDR1X15H)
Add component (AddParameter): Name = "LatestRevisionDate"; Value = "17-Jul-2002"; VariantName = "[No Variations]"
Add component (AddParameter): Name = "LatestRevisionNote"; Value = "Re-released for DXP Platform."; VariantName = "[No Variations]"
Add component (AddParameter): Name = "Publisher"; Value = "Altium Limited"; VariantName = "[No Variations]"
Added Component: Designator=R?(Tro SMD 0805)
Add component (AddParameter): Name = "Chung_Loai"; Value = "Dán"; VariantName = "[No Variations]"
Add component (AddParameter): Name = "Don_Vi"; Value = "Con"; VariantName = "[No Variations]"
Add component (AddParameter): Name = "Kieu_Chan"; Value = ""; VariantName = "[No Variations]"
Add component (AddParameter): Name = "Ma_Hang"; Value = "MH005344"; VariantName = "[No Variations]"
Add component (AddParameter): Name = "So_Chan"; Value = "2"; VariantName = "[No Variations]"
Add component (AddParameter): Name = "Ten_Linh_Kien"; Value = "Tr? 0805 5% 680R"; VariantName = "[No Variations]"
Added Component: Designator=R?(tro smd 0805)
Add component (AddParameter): Name = "Chung_Loai"; Value = "Dán"; VariantName = "[No Variations]"
Add component (AddParameter): Name = "Don_Vi"; Value = "Con"; VariantName = "[No Variations]"
Add component (AddParameter): Name = "Kieu_Chan"; Value = ""; VariantName = "[No Variations]"
Add component (AddParameter): Name = "Ma_Hang"; Value = "MH005468"; VariantName = "[No Variations]"
Add component (AddParameter): Name = "So_Chan"; Value = "2"; VariantName = "[No Variations]"
Add component (AddParameter): Name = "Ten_Linh_Kien"; Value = "Tr? 0805 1% 1k"; VariantName = "[No Variations]"
Added Component: Designator=R?(tro smd 0805)
Add component (AddParameter): Name = "Chung_Loai"; Value = "Dán"; VariantName = "[No Variations]"
Add component (AddParameter): Name = "Don_Vi"; Value = "Con"; VariantName = "[No Variations]"
Add component (AddParameter): Name = "Kieu_Chan"; Value = ""; VariantName = "[No Variations]"
Add component (AddParameter): Name = "Ma_Hang"; Value = "MH005468"; VariantName = "[No Variations]"
Add component (AddParameter): Name = "So_Chan"; Value = "2"; VariantName = "[No Variations]"
Add component (AddParameter): Name = "Ten_Linh_Kien"; Value = "Tr? 0805 1% 1k"; VariantName = "[No Variations]"
Added Component: Designator=R?(tro smd 0805)
Add component (AddParameter): Name = "Chung_Loai"; Value = "Dán"; VariantName = "[No Variations]"
Add component (AddParameter): Name = "Don_Vi"; Value = "Con"; VariantName = "[No Variations]"
Add component (AddParameter): Name = "Kieu_Chan"; Value = ""; VariantName = "[No Variations]"
Add component (AddParameter): Name = "Ma_Hang"; Value = "MH005468"; VariantName = "[No Variations]"
Add component (AddParameter): Name = "So_Chan"; Value = "2"; VariantName = "[No Variations]"
Add component (AddParameter): Name = "Ten_Linh_Kien"; Value = "Tr? 0805 1% 1k"; VariantName = "[No Variations]"
Added Component: Designator=R?(Tro SMD 0805)
Add component (AddParameter): Name = "Chung_Loai"; Value = "Dán"; VariantName = "[No Variations]"
Add component (AddParameter): Name = "Don_Vi"; Value = "Con"; VariantName = "[No Variations]"
Add component (AddParameter): Name = "Kieu_Chan"; Value = ""; VariantName = "[No Variations]"
Add component (AddParameter): Name = "Ma_Hang"; Value = "MH005344"; VariantName = "[No Variations]"
Add component (AddParameter): Name = "So_Chan"; Value = "2"; VariantName = "[No Variations]"
Add component (AddParameter): Name = "Ten_Linh_Kien"; Value = "Tr? 0805 5% 680R"; VariantName = "[No Variations]"
Added Component: Designator=S?(SPST-2)
Add component (AddParameter): Name = "LatestRevisionDate"; Value = "17-Jul-2002"; VariantName = "[No Variations]"
Add component (AddParameter): Name = "LatestRevisionNote"; Value = "Re-released for DXP Platform."; VariantName = "[No Variations]"
Add component (AddParameter): Name = "PackageDescription"; Value = "Switch; 2 Leads"; VariantName = "[No Variations]"
Add component (AddParameter): Name = "PackageReference"; Value = "SPST-2"; VariantName = "[No Variations]"
Add component (AddParameter): Name = "Published"; Value = "24-Mar-1999"; VariantName = "[No Variations]"
Add component (AddParameter): Name = "Publisher"; Value = "Altium Limited"; VariantName = "[No Variations]"
Added Component: Designator=U(SOT230P700X180-4N)
Add component (AddParameter): Name = "Arrow_Electronics-Purchase-URL"; Value = "https://snapeda.com/shop?store=Arrow+Electronics&id=1101226"; VariantName = "[No Variations]"
Add component (AddParameter): Name = "Availability"; Value = "Unavailable"; VariantName = "[No Variations]"
Add component (AddParameter): Name = "DigiKey-Purchase-URL"; Value = "https://snapeda.com/shop?store=DigiKey&id=1101226"; VariantName = "[No Variations]"
Add component (AddParameter): Name = "MF"; Value = "Texas Instruments"; VariantName = "[No Variations]"
Add component (AddParameter): Name = "Mouser-Purchase-URL"; Value = "https://snapeda.com/shop?store=Mouser&id=1101226"; VariantName = "[No Variations]"
Add component (AddParameter): Name = "MP"; Value = "UA78M05IDCY"; VariantName = "[No Variations]"
Add component (AddParameter): Name = "Package"; Value = "SOT-223-4 Texas Instruments"; VariantName = "[No Variations]"
Add component (AddParameter): Name = "Price"; Value = "None"; VariantName = "[No Variations]"
Add component (AddParameter): Name = "SnapEDA_Link"; Value = "https://www.snapeda.com/parts/UA78M05IDCY/Texas%20Instruments/view-part/1101226/?ref=snap"; VariantName = "[No Variations]"
Add component (AddParameter): Name = "Texas_Instruments-Purchase-URL"; Value = "https://snapeda.com/shop?store=Texas+Instruments&id=1101226"; VariantName = "[No Variations]"
Add component (AddParameter): Name = "Value"; Value = ""; VariantName = "[No Variations]"
Added Component: Designator=Y?(Thach Anh 2 chan cam)
Add component (AddParameter): Name = "Value"; Value = "4Mhz"; VariantName = "[No Variations]"
Added Pin To Net: NetName=+5 Pin=BT?-1
Added Pin To Net: NetName=GND Pin=BT?-2
Added Pin To Net: NetName=+5 Pin=C?-1
Added Pin To Net: NetName=+5 Pin=C?-1
Added Pin To Net: NetName=+5 Pin=C?-1
Added Pin To Net: NetName=GND Pin=C?-1
Added Pin To Net: NetName=GND Pin=C?-1
Added Pin To Net: NetName=GND Pin=C?-1
Added Pin To Net: NetName=+5 Pin=C?-2
Added Pin To Net: NetName=GND Pin=C?-2
Added Pin To Net: NetName=GND Pin=C?-2
Added Pin To Net: NetName=GND Pin=C?-2
Added Pin To Net: NetName=+5 Pin=D-1
Added Pin To Net: NetName=VUSB Pin=D-2
Added Pin To Net: NetName=GND Pin=L?-2
Added Pin To Net: NetName=GND Pin=L?-2
Added Pin To Net: NetName=+3.3 Pin=P?-2
Added Pin To Net: NetName=+5 Pin=P?-2
Added Pin To Net: NetName=+5 Pin=P?-3
Added Pin To Net: NetName=GND Pin=P?-4
Added Pin To Net: NetName=+5 Pin=P?-5
Added Pin To Net: NetName=GND Pin=P?-6
Added Pin To Net: NetName=+5 Pin=P?-13
Added Pin To Net: NetName=GND Pin=P?-14
Added Pin To Net: NetName=+5 Pin=R?-1
Added Pin To Net: NetName=+5 Pin=R?-1
Added Pin To Net: NetName=RX Pin=R?-2
Added Pin To Net: NetName=+5 Pin=S?-2
Added Pin To Net: NetName=GND Pin=U-2
Added Pin To Net: NetName=+5 Pin=U-3
Added Pin To Net: NetName=GND Pin=U-3
Added Pin To Net: NetName=+5 Pin=U-4
Added Pin To Net: NetName=GND Pin=U-4
Added Pin To Net: NetName=GND Pin=U-5
Added Pin To Net: NetName=+5 Pin=U-6
Added Pin To Net: NetName=+5 Pin=U-18
Added Pin To Net: NetName=GND Pin=U-21
Added Pin To Net: NetName=+5 Pin=U-29
Change Net Name : Old Net Name=+5 New Net Name=RESET
Added Pin To Net: NetName=A0 Pin=P?-11
Added Pin To Net: NetName=A0 Pin=U-23
Added Net: Name=A0
Added Pin To Net: NetName=A1 Pin=P?-10
Added Pin To Net: NetName=A1 Pin=U-24
Added Net: Name=A1
Added Pin To Net: NetName=A2 Pin=P?-9
Added Pin To Net: NetName=A2 Pin=U-25
Added Net: Name=A2
Added Pin To Net: NetName=A3 Pin=P?-8
Added Pin To Net: NetName=A3 Pin=U-26
Added Net: Name=A3
Added Pin To Net: NetName=A4 Pin=P?-7
Added Pin To Net: NetName=A4 Pin=U-27
Added Net: Name=A4
Added Pin To Net: NetName=A5 Pin=P?-6
Added Pin To Net: NetName=A5 Pin=U-28
Added Net: Name=A5
Added Pin To Net: NetName=A6 Pin=P?-5
Added Pin To Net: NetName=A6 Pin=U-19
Added Net: Name=A6
Added Pin To Net: NetName=A7 Pin=P?-4
Added Pin To Net: NetName=A7 Pin=U-22
Added Net: Name=A7
Added Pin To Net: NetName=AREF Pin=P?-3
Added Pin To Net: NetName=AREF Pin=S?-1
Added Net: Name=AREF
Added Pin To Net: NetName=D0/RX Pin=P?-2
Added Pin To Net: NetName=D0/RX Pin=R?-1
Added Pin To Net: NetName=D0/RX Pin=U-30
Added Net: Name=D0/RX
Added Pin To Net: NetName=D1/TX Pin=P?-1
Added Net: Name=D1/TX
Added Pin To Net: NetName=D2 Pin=P?-5
Added Pin To Net: NetName=D2 Pin=U-32
Added Net: Name=D2
Added Pin To Net: NetName=D3 Pin=P?-6
Added Pin To Net: NetName=D3 Pin=U-1
Added Net: Name=D3
Added Pin To Net: NetName=D4 Pin=P?-7
Added Pin To Net: NetName=D4 Pin=U-2
Added Net: Name=D4
Added Pin To Net: NetName=D5 Pin=P?-8
Added Pin To Net: NetName=D5 Pin=U-9
Added Net: Name=D5
Added Pin To Net: NetName=D6 Pin=P?-9
Added Pin To Net: NetName=D6 Pin=U-10
Added Net: Name=D6
Added Pin To Net: NetName=D7 Pin=P?-10
Added Pin To Net: NetName=D7 Pin=U-11
Added Net: Name=D7
Added Pin To Net: NetName=D8 Pin=P?-11
Added Pin To Net: NetName=D8 Pin=U-12
Added Net: Name=D8
Added Pin To Net: NetName=D9 Pin=P?-12
Added Pin To Net: NetName=D9 Pin=U-13
Added Net: Name=D9
Added Pin To Net: NetName=D10 Pin=P?-13
Added Pin To Net: NetName=D10 Pin=U-14
Added Net: Name=D10
Added Pin To Net: NetName=D11/MOSI Pin=P?-14
Added Pin To Net: NetName=D11/MOSI Pin=U-15
Added Net: Name=D11/MOSI
Added Pin To Net: NetName=D12/MISO Pin=P?-1
Added Pin To Net: NetName=D12/MISO Pin=P?-15
Added Pin To Net: NetName=D12/MISO Pin=U-16
Added Net: Name=D12/MISO
Added Pin To Net: NetName=D13/SCK Pin=P?-1
Added Pin To Net: NetName=D13/SCK Pin=P?-3
Added Pin To Net: NetName=D13/SCK Pin=R?-2
Added Pin To Net: NetName=D13/SCK Pin=U-17
Added Net: Name=D13/SCK
Added Pin To Net: NetName=DX Pin=R?-2
Added Net: Name=DX
Added Pin To Net: NetName=NetC?_1 Pin=C?-1
Added Pin To Net: NetName=NetC?_1 Pin=U-20
Added Net: Name=NetC?_1
Added Pin To Net: NetName=NetL?_1 Pin=L?-1
Added Pin To Net: NetName=NetL?_1 Pin=R?-2
Added Net: Name=NetL?_1
Added Pin To Net: NetName=NetLabel41 Pin=P?-4
Added Net: Name=NetLabel41
Added Pin To Net: NetName=NetR?_1 Pin=R?-1
Added Pin To Net: NetName=NetR?_1 Pin=U-31
Added Net: Name=NetR?_1
Added Pin To Net: NetName=VIN Pin=P?-15
Added Pin To Net: NetName=VIN Pin=U-1
Added Net: Name=VIN
Added Member To Class: ClassName=Sheet4 Member=Component BT? Nut Nhan 2 Chan SMD 3x6x2.5
Added Member To Class: ClassName=Sheet4 Member=Component C? 4.7uF
Added Member To Class: ClassName=Sheet4 Member=Component C? 104
Added Member To Class: ClassName=Sheet4 Member=Component C? 15pF
Added Member To Class: ClassName=Sheet4 Member=Component C? 104
Added Member To Class: ClassName=Sheet4 Member=Component C? 104
Added Member To Class: ClassName=Sheet4 Member=Component C? 104
Added Member To Class: ClassName=Sheet4 Member=Component C? 15pF
Added Member To Class: ClassName=Sheet4 Member=Component D MBR0520
Added Member To Class: ClassName=Sheet4 Member=Component L? LED 5mm
Added Member To Class: ClassName=Sheet4 Member=Component L? LED 5mm
Added Member To Class: ClassName=Sheet4 Member=Component L? LED 5mm
Added Member To Class: ClassName=Sheet4 Member=Component P? Header 15H
Added Member To Class: ClassName=Sheet4 Member=Component P? Header 3X2
Added Member To Class: ClassName=Sheet4 Member=Component P? Header 15H
Added Member To Class: ClassName=Sheet4 Member=Component R? 680R
Added Member To Class: ClassName=Sheet4 Member=Component R? 680R
Added Member To Class: ClassName=Sheet4 Member=Component R? 1k
Added Member To Class: ClassName=Sheet4 Member=Component R? 1k
Added Member To Class: ClassName=Sheet4 Member=Component R? 1k
Added Member To Class: ClassName=Sheet4 Member=Component R? 680R
Added Member To Class: ClassName=Sheet4 Member=Component S? SW-SPST
Added Member To Class: ClassName=Sheet4 Member=Component U ATMEGA168-20AU
Added Member To Class: ClassName=Sheet4 Member=Component U INTERFACE-FT232RL(SSOP28)
Added Member To Class: ClassName=Sheet4 Member=Component Y? 16Mhz
