Removed Pin From Net: NetName=D0/RX Pin=R?-1
Removed Pin From Net: NetName=D13/SCK Pin=R?-2
Removed Pin From Net: NetName=RX Pin=R?-2
Removed Pin From Net: NetName=D3 Pin=U-1
Removed Pin From Net: NetName=D4 Pin=U-2
Removed Pin From Net: NetName=GND Pin=U-3
Removed Pin From Net: NetName=RESET Pin=U-4
Removed Pin From Net: NetName=GND Pin=U-5
Removed Pin From Net: NetName=RESET Pin=U-6
Removed Pin From Net: NetName=D5 Pin=U-9
Removed Pin From Net: NetName=D6 Pin=U-10
Removed Pin From Net: NetName=D7 Pin=U-11
Removed Pin From Net: NetName=D8 Pin=U-12
Removed Pin From Net: NetName=D9 Pin=U-13
Removed Pin From Net: NetName=D10 Pin=U-14
Removed Pin From Net: NetName=D11/MOSI Pin=U-15
Removed Pin From Net: NetName=D12/MISO Pin=U-16
Removed Pin From Net: NetName=D13/SCK Pin=U-17
Removed Pin From Net: NetName=RESET Pin=U-18
Removed Pin From Net: NetName=A6 Pin=U-19
Removed Pin From Net: NetName=GND Pin=U-21
Removed Pin From Net: NetName=A7 Pin=U-22
Removed Pin From Net: NetName=A0 Pin=U-23
Removed Pin From Net: NetName=A1 Pin=U-24
Removed Pin From Net: NetName=A2 Pin=U-25
Removed Pin From Net: NetName=A3 Pin=U-26
Removed Pin From Net: NetName=A4 Pin=U-27
Removed Pin From Net: NetName=A5 Pin=U-28
Removed Pin From Net: NetName=RESET Pin=U-29
Removed Pin From Net: NetName=D0/RX Pin=U-30
Removed Pin From Net: NetName=D2 Pin=U-32
Added Member To Class: ClassName=Sheet4 Member=Component C? 15pF
Added Member To Class: ClassName=Sheet4 Member=Component C? 104
Added Member To Class: ClassName=Sheet4 Member=Component C? 104
Added Member To Class: ClassName=Sheet4 Member=Component C? 15pF
Added Member To Class: ClassName=Sheet4 Member=Component C? 104
Added Member To Class: ClassName=Sheet4 Member=Component C? 4.7uF
Added Member To Class: ClassName=Sheet4 Member=Component C? 104
Added Member To Class: ClassName=Sheet4 Member=Component L? LED 5mm
Added Member To Class: ClassName=Sheet4 Member=Component L? LED 5mm
Added Member To Class: ClassName=Sheet4 Member=Component L? LED 5mm
Added Member To Class: ClassName=Sheet4 Member=Component P? Header 3X2
Added Member To Class: ClassName=Sheet4 Member=Component P? Header 15H
Added Member To Class: ClassName=Sheet4 Member=Component R? 1k
Added Member To Class: ClassName=Sheet4 Member=Component R? 680R
Added Member To Class: ClassName=Sheet4 Member=Component R? 1k
Added Member To Class: ClassName=Sheet4 Member=Component R? 680R
Added Member To Class: ClassName=Sheet4 Member=Component R? 1k
Added Member To Class: ClassName=Sheet4 Member=Component R? 680R
Added Member To Class: ClassName=Sheet4 Member=Component U INTERFACE-FT232RL(SSOP28)
Added Member To Class: ClassName=Sheet4 Member=Component U ATMEGA168-20AU
